<?xml version="1.0" encoding="UTF-8"?>
<!-- Generated by org.testng.reporters.JUnitReportReporter -->
<testsuite hostname="C02T9C9JGTFM" failures="0" tests="25" name="apiTest.PetTest" time="96.742" errors="0" timestamp="08 Aug 2021 13:11:05 GMT" skipped="0">
  <testcase classname="apiTest.PetTest" name="LoginUser" time="1.436"/>
  <testcase classname="apiTest.PetTest" name="UpdatePetWithFormData" time="1.502"/>
  <testcase classname="apiTest.PetTest" name="DeletePet" time="9.300"/>
  <testcase classname="apiTest.PetTest" name="CreateListOfUsersWithInputList" time="1.372"/>
  <testcase classname="apiTest.PetTest" name="ReturnPetInventoryByStatus" time="1.340"/>
  <testcase classname="apiTest.PetTest" name="DeleteUser" time="8.332"/>
  <testcase classname="apiTest.PetTest" name="FindPurchaseOrderById" time="1.670"/>
  <testcase classname="apiTest.PetTest" name="LogoutUser" time="1.501"/>
  <testcase classname="apiTest.PetTest" name="FindPurchaseOrderById" time="1.737"/>
  <testcase classname="apiTest.PetTest" name="FindPetsByStatus" time="4.931"/>
  <testcase classname="apiTest.PetTest" name="GetUserByUsername" time="1.358"/>
  <testcase classname="apiTest.PetTest" name="UpdateExistingPet" time="1.572"/>
  <testcase classname="apiTest.PetTest" name="GetUserByUsername" time="1.381"/>
  <testcase classname="apiTest.PetTest" name="DeleteUser" time="8.366"/>
  <testcase classname="apiTest.PetTest" name="CreateUser" time="1.345"/>
  <testcase classname="apiTest.PetTest" name="PlaceOrderForPet" time="1.869"/>
  <testcase classname="apiTest.PetTest" name="UpdateUser" time="1.334"/>
  <testcase classname="apiTest.PetTest" name="FindPetsByStatus" time="1.505"/>
  <testcase classname="apiTest.PetTest" name="AddNewPetToStore" time="2.980"/>
  <testcase classname="apiTest.PetTest" name="CreateListOfUsersWithInputArray" time="1.326"/>
  <testcase classname="apiTest.PetTest" name="FindPetsByStatus" time="2.857"/>
  <testcase classname="apiTest.PetTest" name="FindPetsByStatus" time="1.684"/>
  <testcase classname="apiTest.PetTest" name="DeletePurchaseOrderById" time="14.101"/>
  <testcase classname="apiTest.PetTest" name="DeletePet" time="8.343"/>
  <testcase classname="apiTest.PetTest" name="DeletePurchaseOrderById" time="13.600"/>
</testsuite> <!-- apiTest.PetTest -->
